<?xml version="1.0" encoding="UTF-8"?>
<testng-results ignored="0" total="1" passed="1" failed="0" skipped="0">
  <reporter-output>
  </reporter-output>
  <suite started-at="2023-01-31T11:01:06 IST" name="Default suite" finished-at="2023-01-31T11:02:11 IST" duration-ms="64944">
    <groups>
    </groups>
    <test started-at="2023-01-31T11:01:06 IST" name="Default test" finished-at="2023-01-31T11:02:11 IST" duration-ms="64944">
      <class name="testScripts.ThirdTest">
        <test-method is-config="true" signature="classSetup()[pri:0, instance:testScripts.ThirdTest@7bab3f1a]" started-at="2023-01-31T11:01:06 IST" name="classSetup" finished-at="2023-01-31T11:01:19 IST" duration-ms="13656" status="PASS">
          <reporter-output>
          </reporter-output>
        </test-method> <!-- classSetup -->
        <test-method is-config="true" signature="methodSetup()[pri:0, instance:testScripts.ThirdTest@7bab3f1a]" started-at="2023-01-31T11:01:19 IST" name="methodSetup" finished-at="2023-01-31T11:01:25 IST" duration-ms="5877" status="PASS">
          <reporter-output>
          </reporter-output>
        </test-method> <!-- methodSetup -->
        <test-method signature="thirdTest()[pri:0, instance:testScripts.ThirdTest@7bab3f1a]" started-at="2023-01-31T11:01:25 IST" name="thirdTest" finished-at="2023-01-31T11:02:07 IST" duration-ms="41828" status="PASS">
          <reporter-output>
          </reporter-output>
        </test-method> <!-- thirdTest -->
        <test-method is-config="true" signature="methodTearDown()[pri:0, instance:testScripts.ThirdTest@7bab3f1a]" started-at="2023-01-31T11:02:07 IST" name="methodTearDown" finished-at="2023-01-31T11:02:07 IST" duration-ms="5" status="PASS">
          <reporter-output>
          </reporter-output>
        </test-method> <!-- methodTearDown -->
        <test-method is-config="true" signature="classTearDown()[pri:0, instance:testScripts.ThirdTest@7bab3f1a]" started-at="2023-01-31T11:02:07 IST" name="classTearDown" finished-at="2023-01-31T11:02:11 IST" duration-ms="3485" status="PASS">
          <reporter-output>
          </reporter-output>
        </test-method> <!-- classTearDown -->
      </class> <!-- testScripts.ThirdTest -->
    </test> <!-- Default test -->
  </suite> <!-- Default suite -->
</testng-results>
