<?xml version="1.0" encoding="UTF-8"?>
<testng-results ignored="0" total="1" passed="1" failed="0" skipped="0">
  <reporter-output>
  </reporter-output>
  <suite started-at="2023-01-29T13:23:43 IST" name="Default suite" finished-at="2023-01-29T13:24:35 IST" duration-ms="51649">
    <groups>
    </groups>
    <test started-at="2023-01-29T13:23:43 IST" name="Default test" finished-at="2023-01-29T13:24:35 IST" duration-ms="51649">
      <class name="testScripts.ThirdTest">
        <test-method is-config="true" signature="classSetup()[pri:0, instance:testScripts.ThirdTest@f0c8a99]" started-at="2023-01-29T13:23:43 IST" name="classSetup" finished-at="2023-01-29T13:23:57 IST" duration-ms="13455" status="PASS">
          <reporter-output>
          </reporter-output>
        </test-method> <!-- classSetup -->
        <test-method is-config="true" signature="methodSetup()[pri:0, instance:testScripts.ThirdTest@f0c8a99]" started-at="2023-01-29T13:23:57 IST" name="methodSetup" finished-at="2023-01-29T13:24:00 IST" duration-ms="2644" status="PASS">
          <reporter-output>
          </reporter-output>
        </test-method> <!-- methodSetup -->
        <test-method signature="thirdTest()[pri:0, instance:testScripts.ThirdTest@f0c8a99]" started-at="2023-01-29T13:24:00 IST" name="thirdTest" finished-at="2023-01-29T13:24:32 IST" duration-ms="32179" status="PASS">
          <reporter-output>
          </reporter-output>
        </test-method> <!-- thirdTest -->
        <test-method is-config="true" signature="methodTearDown()[pri:0, instance:testScripts.ThirdTest@f0c8a99]" started-at="2023-01-29T13:24:32 IST" name="methodTearDown" finished-at="2023-01-29T13:24:32 IST" duration-ms="1" status="PASS">
          <reporter-output>
          </reporter-output>
        </test-method> <!-- methodTearDown -->
        <test-method is-config="true" signature="classTearDown()[pri:0, instance:testScripts.ThirdTest@f0c8a99]" started-at="2023-01-29T13:24:32 IST" name="classTearDown" finished-at="2023-01-29T13:24:35 IST" duration-ms="3285" status="PASS">
          <reporter-output>
          </reporter-output>
        </test-method> <!-- classTearDown -->
      </class> <!-- testScripts.ThirdTest -->
    </test> <!-- Default test -->
  </suite> <!-- Default suite -->
</testng-results>
